<?xml version="1.0" encoding="UTF-8"?>
<testsuite name="com.springboot.homework.RandomPasswordGeneratorTest" tests="5" skipped="0" failures="0" errors="0" timestamp="2024-06-26T08:01:36" hostname="DESKTOP-P9ECVOG" time="0.046">
  <properties/>
  <testcase name="특수문자 개수 구하기" classname="com.springboot.homework.RandomPasswordGeneratorTest" time="0.033"/>
  <testcase name="소문자의 개수 구하기" classname="com.springboot.homework.RandomPasswordGeneratorTest" time="0.001"/>
  <testcase name="대문자의 개수 구하기" classname="com.springboot.homework.RandomPasswordGeneratorTest" time="0.002"/>
  <testcase name="숫자의 개수는" classname="com.springboot.homework.RandomPasswordGeneratorTest" time="0.001"/>
  <testcase name="실습 3: 랜덤 패스워드 생성 테스트" classname="com.springboot.homework.RandomPasswordGeneratorTest" time="0.002"/>
  <system-out><![CDATA[]]></system-out>
  <system-err><![CDATA[]]></system-err>
</testsuite>
